# JRE version: OpenJDK Runtime Environment (17.0.9) (build 17.0.9+0--11185874)
# Java VM: OpenJDK 64-Bit Server VM (17.0.9+0--11185874, mixed mode, tiered, compressed oops, compressed class ptrs, g1 gc, windows-amd64)
GC Precious Log:
 CPUs: 8 total, 8 available
 Memory: 7914M
 Large Page Support: Disabled
 NUMA Support: Disabled
 Compressed Oops: Enabled (32-bit)
 Heap Region Size: 1M
 Heap Min Capacity: 8M
 Heap Initial Capacity: 124M
 Heap Max Capacity: 1980M
 Pre-touch: Disabled
 Parallel Workers: 8
 Concurrent Workers: 2
 Concurrent Refinement Workers: 8
 Periodic GC: Disabled
Heap:
 garbage-first heap   total 149504K, used 82944K [0x0000000084400000, 0x0000000100000000)
  region size 1024K, 5 young (5120K), 5 survivors (5120K)
 Metaspace       used 72770K, committed 73088K, reserved 1114112K
  class space    used 8225K, committed 8384K, reserved 1048576K
GC Heap History (20 events):
Event: 4.698 GC heap after
{Heap after GC invocations=13 (full 0):
 garbage-first heap   total 76800K, used 31709K [0x0000000084400000, 0x0000000100000000)
  region size 1024K, 3 young (3072K), 3 survivors (3072K)
 Metaspace       used 48322K, committed 48576K, reserved 1114112K
  class space    used 5870K, committed 6016K, reserved 1048576K
}
Event: 5.212 GC heap before
{Heap before GC invocations=13 (full 0):
 garbage-first heap   total 76800K, used 56285K [0x0000000084400000, 0x0000000100000000)
  region size 1024K, 28 young (28672K), 3 survivors (3072K)
 Metaspace       used 51430K, committed 51712K, reserved 1114112K
  class space    used 6238K, committed 6400K, reserved 1048576K
}
Event: 5.228 GC heap after
{Heap after GC invocations=14 (full 0):
 garbage-first heap   total 76800K, used 36864K [0x0000000084400000, 0x0000000100000000)
  region size 1024K, 4 young (4096K), 4 survivors (4096K)
 Metaspace       used 51430K, committed 51712K, reserved 1114112K
  class space    used 6238K, committed 6400K, reserved 1048576K
}
Event: 5.814 GC heap before
{Heap before GC invocations=14 (full 0):
 garbage-first heap   total 76800K, used 58368K [0x0000000084400000, 0x0000000100000000)
  region size 1024K, 25 young (25600K), 4 survivors (4096K)
 Metaspace       used 53870K, committed 54144K, reserved 1114112K
  class space    used 6477K, committed 6592K, reserved 1048576K
}
Event: 5.834 GC heap after
{Heap after GC invocations=15 (full 0):
 garbage-first heap   total 76800K, used 41669K [0x0000000084400000, 0x0000000100000000)
  region size 1024K, 4 young (4096K), 4 survivors (4096K)
 Metaspace       used 53870K, committed 54144K, reserved 1114112K
  class space    used 6477K, committed 6592K, reserved 1048576K
}
Event: 5.899 GC heap before
{Heap before GC invocations=15 (full 0):
 garbage-first heap   total 76800K, used 43717K [0x0000000084400000, 0x0000000100000000)
  region size 1024K, 7 young (7168K), 4 survivors (4096K)
 Metaspace       used 54400K, committed 54656K, reserved 1114112K
  class space    used 6548K, committed 6656K, reserved 1048576K
}
Event: 5.916 GC heap after
{Heap after GC invocations=16 (full 0):
 garbage-first heap   total 76800K, used 42763K [0x0000000084400000, 0x0000000100000000)
  region size 1024K, 1 young (1024K), 1 survivors (1024K)
 Metaspace       used 54400K, committed 54656K, reserved 1114112K
  class space    used 6548K, committed 6656K, reserved 1048576K
}
Event: 6.014 GC heap before
{Heap before GC invocations=17 (full 0):
 garbage-first heap   total 94208K, used 59147K [0x0000000084400000, 0x0000000100000000)
  region size 1024K, 17 young (17408K), 1 survivors (1024K)
 Metaspace       used 54427K, committed 54720K, reserved 1114112K
  class space    used 6548K, committed 6656K, reserved 1048576K
}
Event: 6.017 GC heap after
{Heap after GC invocations=18 (full 0):
 garbage-first heap   total 94208K, used 43008K [0x0000000084400000, 0x0000000100000000)
  region size 1024K, 1 young (1024K), 1 survivors (1024K)
 Metaspace       used 54427K, committed 54720K, reserved 1114112K
  class space    used 6548K, committed 6656K, reserved 1048576K
}
Event: 6.026 GC heap before
{Heap before GC invocations=18 (full 0):
 garbage-first heap   total 94208K, used 46080K [0x0000000084400000, 0x0000000100000000)
  region size 1024K, 4 young (4096K), 1 survivors (1024K)
 Metaspace       used 54427K, committed 54720K, reserved 1114112K
  class space    used 6548K, committed 6656K, reserved 1048576K
}
Event: 6.030 GC heap after
{Heap after GC invocations=19 (full 0):
 garbage-first heap   total 149504K, used 42853K [0x0000000084400000, 0x0000000100000000)
  region size 1024K, 1 young (1024K), 1 survivors (1024K)
 Metaspace       used 54427K, committed 54720K, reserved 1114112K
  class space    used 6548K, committed 6656K, reserved 1048576K
}
Event: 7.949 GC heap before
{Heap before GC invocations=19 (full 0):
 garbage-first heap   total 149504K, used 105317K [0x0000000084400000, 0x0000000100000000)
  region size 1024K, 62 young (63488K), 1 survivors (1024K)
 Metaspace       used 60343K, committed 60608K, reserved 1114112K
  class space    used 7200K, committed 7360K, reserved 1048576K
}
Event: 7.968 GC heap after
{Heap after GC invocations=20 (full 0):
 garbage-first heap   total 149504K, used 50402K [0x0000000084400000, 0x0000000100000000)
  region size 1024K, 8 young (8192K), 8 survivors (8192K)
 Metaspace       used 60343K, committed 60608K, reserved 1114112K
  class space    used 7200K, committed 7360K, reserved 1048576K
}
Event: 9.548 GC heap before
{Heap before GC invocations=20 (full 0):
 garbage-first heap   total 149504K, used 108770K [0x0000000084400000, 0x0000000100000000)
  region size 1024K, 65 young (66560K), 8 survivors (8192K)
 Metaspace       used 63974K, committed 64320K, reserved 1114112K
  class space    used 7603K, committed 7744K, reserved 1048576K
}
Event: 9.580 GC heap after
{Heap after GC invocations=21 (full 0):
 garbage-first heap   total 149504K, used 59900K [0x0000000084400000, 0x0000000100000000)
  region size 1024K, 9 young (9216K), 9 survivors (9216K)
 Metaspace       used 63974K, committed 64320K, reserved 1114112K
  class space    used 7603K, committed 7744K, reserved 1048576K
}
Event: 11.132 GC heap before
{Heap before GC invocations=21 (full 0):
 garbage-first heap   total 149504K, used 113148K [0x0000000084400000, 0x0000000100000000)
  region size 1024K, 59 young (60416K), 9 survivors (9216K)
 Metaspace       used 66410K, committed 66752K, reserved 1114112K
  class space    used 7712K, committed 7872K, reserved 1048576K
}
Event: 11.165 GC heap after
{Heap after GC invocations=22 (full 0):
 garbage-first heap   total 149504K, used 71071K [0x0000000084400000, 0x0000000100000000)
  region size 1024K, 8 young (8192K), 8 survivors (8192K)
 Metaspace       used 66410K, committed 66752K, reserved 1114112K
  class space    used 7712K, committed 7872K, reserved 1048576K
}
Event: 12.326 GC heap before
{Heap before GC invocations=22 (full 0):
 garbage-first heap   total 149504K, used 114079K [0x0000000084400000, 0x0000000100000000)
  region size 1024K, 50 young (51200K), 8 survivors (8192K)
 Metaspace       used 67472K, committed 67840K, reserved 1114112K
  class space    used 7714K, committed 7872K, reserved 1048576K
}
Event: 12.349 GC heap after
{Heap after GC invocations=23 (full 0):
 garbage-first heap   total 149504K, used 78336K [0x0000000084400000, 0x0000000100000000)
  region size 1024K, 7 young (7168K), 7 survivors (7168K)
 Metaspace       used 67472K, committed 67840K, reserved 1114112K
  class space    used 7714K, committed 7872K, reserved 1048576K
}
Event: 13.464 GC heap before
{Heap before GC invocations=23 (full 0):
 garbage-first heap   total 149504K, used 117248K [0x0000000084400000, 0x0000000100000000)
  region size 1024K, 45 young (46080K), 7 survivors (7168K)
 Metaspace       used 72770K, committed 73088K, reserved 1114112K
  class space    used 8225K, committed 8384K, reserved 1048576K
}

