# JRE version: OpenJDK Runtime Environment (17.0.9) (build 17.0.9+0--11185874)
# Java VM: OpenJDK 64-Bit Server VM (17.0.9+0--11185874, mixed mode, tiered, compressed oops, compressed class ptrs, g1 gc, windows-amd64)
GC Precious Log:
 CPUs: 8 total, 8 available
 Memory: 7914M
 Large Page Support: Disabled
 NUMA Support: Disabled
 Compressed Oops: Enabled (32-bit)
 Heap Region Size: 1M
 Heap Min Capacity: 8M
 Heap Initial Capacity: 124M
 Heap Max Capacity: 2G
 Pre-touch: Disabled
 Parallel Workers: 8
 Concurrent Workers: 2
 Concurrent Refinement Workers: 8
 Periodic GC: Disabled
Heap:
 garbage-first heap   total 404480K, used 316928K [0x0000000080000000, 0x0000000100000000)
  region size 1024K, 5 young (5120K), 5 survivors (5120K)
 Metaspace       used 136929K, committed 137856K, reserved 1179648K
  class space    used 18330K, committed 18752K, reserved 1048576K
GC Heap History (20 events):
Event: 20.535 GC heap after
{Heap after GC invocations=41 (full 0):
 garbage-first heap   total 192512K, used 110442K [0x0000000080000000, 0x0000000100000000)
  region size 1024K, 6 young (6144K), 6 survivors (6144K)
 Metaspace       used 102377K, committed 103168K, reserved 1179648K
  class space    used 14334K, committed 14720K, reserved 1048576K
}
Event: 21.057 GC heap before
{Heap before GC invocations=41 (full 0):
 garbage-first heap   total 192512K, used 157546K [0x0000000080000000, 0x0000000100000000)
  region size 1024K, 53 young (54272K), 6 survivors (6144K)
 Metaspace       used 102744K, committed 103488K, reserved 1179648K
  class space    used 14363K, committed 14720K, reserved 1048576K
}
Event: 21.066 GC heap after
{Heap after GC invocations=42 (full 0):
 garbage-first heap   total 385024K, used 113785K [0x0000000080000000, 0x0000000100000000)
  region size 1024K, 6 young (6144K), 6 survivors (6144K)
 Metaspace       used 102744K, committed 103488K, reserved 1179648K
  class space    used 14363K, committed 14720K, reserved 1048576K
}
Event: 23.565 GC heap before
{Heap before GC invocations=42 (full 0):
 garbage-first heap   total 385024K, used 309369K [0x0000000080000000, 0x0000000100000000)
  region size 1024K, 198 young (202752K), 6 survivors (6144K)
 Metaspace       used 104291K, committed 105088K, reserved 1179648K
  class space    used 14560K, committed 14912K, reserved 1048576K
}
Event: 23.591 GC heap after
{Heap after GC invocations=43 (full 0):
 garbage-first heap   total 385024K, used 122755K [0x0000000080000000, 0x0000000100000000)
  region size 1024K, 15 young (15360K), 15 survivors (15360K)
 Metaspace       used 104291K, committed 105088K, reserved 1179648K
  class space    used 14560K, committed 14912K, reserved 1048576K
}
Event: 30.112 GC heap before
{Heap before GC invocations=43 (full 0):
 garbage-first heap   total 385024K, used 301955K [0x0000000080000000, 0x0000000100000000)
  region size 1024K, 191 young (195584K), 15 survivors (15360K)
 Metaspace       used 107990K, committed 108864K, reserved 1179648K
  class space    used 15051K, committed 15488K, reserved 1048576K
}
Event: 30.150 GC heap after
{Heap after GC invocations=44 (full 0):
 garbage-first heap   total 385024K, used 132408K [0x0000000080000000, 0x0000000100000000)
  region size 1024K, 21 young (21504K), 21 survivors (21504K)
 Metaspace       used 107990K, committed 108864K, reserved 1179648K
  class space    used 15051K, committed 15488K, reserved 1048576K
}
Event: 31.362 GC heap before
{Heap before GC invocations=44 (full 0):
 garbage-first heap   total 385024K, used 220472K [0x0000000080000000, 0x0000000100000000)
  region size 1024K, 105 young (107520K), 21 survivors (21504K)
 Metaspace       used 111563K, committed 112448K, reserved 1179648K
  class space    used 15424K, committed 15872K, reserved 1048576K
}
Event: 31.414 GC heap after
{Heap after GC invocations=45 (full 0):
 garbage-first heap   total 385024K, used 135541K [0x0000000080000000, 0x0000000100000000)
  region size 1024K, 15 young (15360K), 15 survivors (15360K)
 Metaspace       used 111563K, committed 112448K, reserved 1179648K
  class space    used 15424K, committed 15872K, reserved 1048576K
}
Event: 35.911 GC heap before
{Heap before GC invocations=46 (full 0):
 garbage-first heap   total 385024K, used 316789K [0x0000000080000000, 0x0000000100000000)
  region size 1024K, 183 young (187392K), 15 survivors (15360K)
 Metaspace       used 128964K, committed 129920K, reserved 1179648K
  class space    used 17300K, committed 17792K, reserved 1048576K
}
Event: 36.023 GC heap after
{Heap after GC invocations=47 (full 0):
 garbage-first heap   total 385024K, used 179739K [0x0000000080000000, 0x0000000100000000)
  region size 1024K, 23 young (23552K), 23 survivors (23552K)
 Metaspace       used 128964K, committed 129920K, reserved 1179648K
  class space    used 17300K, committed 17792K, reserved 1048576K
}
Event: 36.088 GC heap before
{Heap before GC invocations=47 (full 0):
 garbage-first heap   total 385024K, used 180763K [0x0000000080000000, 0x0000000100000000)
  region size 1024K, 24 young (24576K), 23 survivors (23552K)
 Metaspace       used 128964K, committed 129920K, reserved 1179648K
  class space    used 17300K, committed 17792K, reserved 1048576K
}
Event: 36.118 GC heap after
{Heap after GC invocations=48 (full 0):
 garbage-first heap   total 385024K, used 183296K [0x0000000080000000, 0x0000000100000000)
  region size 1024K, 3 young (3072K), 3 survivors (3072K)
 Metaspace       used 128964K, committed 129920K, reserved 1179648K
  class space    used 17300K, committed 17792K, reserved 1048576K
}
Event: 38.009 GC heap before
{Heap before GC invocations=48 (full 0):
 garbage-first heap   total 385024K, used 299008K [0x0000000080000000, 0x0000000100000000)
  region size 1024K, 113 young (115712K), 3 survivors (3072K)
 Metaspace       used 136339K, committed 137280K, reserved 1179648K
  class space    used 18277K, committed 18752K, reserved 1048576K
}
Event: 38.041 GC heap after
{Heap after GC invocations=49 (full 0):
 garbage-first heap   total 385024K, used 222208K [0x0000000080000000, 0x0000000100000000)
  region size 1024K, 15 young (15360K), 15 survivors (15360K)
 Metaspace       used 136339K, committed 137280K, reserved 1179648K
  class space    used 18277K, committed 18752K, reserved 1048576K
}
Event: 38.801 GC heap before
{Heap before GC invocations=50 (full 0):
 garbage-first heap   total 404480K, used 304128K [0x0000000080000000, 0x0000000100000000)
  region size 1024K, 95 young (97280K), 15 survivors (15360K)
 Metaspace       used 136912K, committed 137792K, reserved 1179648K
  class space    used 18330K, committed 18752K, reserved 1048576K
}
Event: 38.853 GC heap after
{Heap after GC invocations=51 (full 0):
 garbage-first heap   total 404480K, used 277504K [0x0000000080000000, 0x0000000100000000)
  region size 1024K, 12 young (12288K), 12 survivors (12288K)
 Metaspace       used 136912K, committed 137792K, reserved 1179648K
  class space    used 18330K, committed 18752K, reserved 1048576K
}
Event: 38.914 GC heap before
{Heap before GC invocations=51 (full 0):
 garbage-first heap   total 404480K, used 284672K [0x0000000080000000, 0x0000000100000000)
  region size 1024K, 19 young (19456K), 12 survivors (12288K)
 Metaspace       used 136923K, committed 137792K, reserved 1179648K
  class space    used 18330K, committed 18752K, reserved 1048576K
}
Event: 38.928 GC heap after
{Heap after GC invocations=52 (full 0):
 garbage-first heap   total 404480K, used 282624K [0x0000000080000000, 0x0000000100000000)
  region size 1024K, 3 young (3072K), 3 survivors (3072K)
 Metaspace       used 136923K, committed 137792K, reserved 1179648K
  class space    used 18330K, committed 18752K, reserved 1048576K
}
Event: 39.084 GC heap before
{Heap before GC invocations=52 (full 0):
 garbage-first heap   total 404480K, used 317440K [0x0000000080000000, 0x0000000100000000)
  region size 1024K, 37 young (37888K), 3 survivors (3072K)
 Metaspace       used 136929K, committed 137856K, reserved 1179648K
  class space    used 18330K, committed 18752K, reserved 1048576K
}

