# JRE version: OpenJDK Runtime Environment (17.0.9) (build 17.0.9+0--11185874)
# Java VM: OpenJDK 64-Bit Server VM (17.0.9+0--11185874, mixed mode, tiered, compressed oops, compressed class ptrs, g1 gc, windows-amd64)
GC Precious Log:
 CPUs: 8 total, 8 available
 Memory: 7914M
 Large Page Support: Disabled
 NUMA Support: Disabled
 Compressed Oops: Enabled (32-bit)
 Heap Region Size: 1M
 Heap Min Capacity: 8M
 Heap Initial Capacity: 124M
 Heap Max Capacity: 1980M
 Pre-touch: Disabled
 Parallel Workers: 8
 Concurrent Workers: 2
 Concurrent Refinement Workers: 8
 Periodic GC: Disabled
Heap:
 garbage-first heap   total 206848K, used 144733K [0x0000000084400000, 0x0000000100000000)
  region size 1024K, 49 young (50176K), 1 survivors (1024K)
 Metaspace       used 85323K, committed 85632K, reserved 1179648K
  class space    used 9337K, committed 9472K, reserved 1048576K
GC Heap History (20 events):
Event: 7.851 GC heap before
{Heap before GC invocations=20 (full 0):
 garbage-first heap   total 86016K, used 64428K [0x0000000084400000, 0x0000000100000000)
  region size 1024K, 24 young (24576K), 2 survivors (2048K)
 Metaspace       used 59173K, committed 59456K, reserved 1114112K
  class space    used 7112K, committed 7232K, reserved 1048576K
}
Event: 7.867 GC heap after
{Heap after GC invocations=21 (full 0):
 garbage-first heap   total 86016K, used 45930K [0x0000000084400000, 0x0000000100000000)
  region size 1024K, 3 young (3072K), 3 survivors (3072K)
 Metaspace       used 59173K, committed 59456K, reserved 1114112K
  class space    used 7112K, committed 7232K, reserved 1048576K
}
Event: 8.383 GC heap before
{Heap before GC invocations=21 (full 0):
 garbage-first heap   total 86016K, used 66410K [0x0000000084400000, 0x0000000100000000)
  region size 1024K, 23 young (23552K), 3 survivors (3072K)
 Metaspace       used 60260K, committed 60608K, reserved 1114112K
  class space    used 7192K, committed 7360K, reserved 1048576K
}
Event: 8.400 GC heap after
{Heap after GC invocations=22 (full 0):
 garbage-first heap   total 172032K, used 49723K [0x0000000084400000, 0x0000000100000000)
  region size 1024K, 3 young (3072K), 3 survivors (3072K)
 Metaspace       used 60260K, committed 60608K, reserved 1114112K
  class space    used 7192K, committed 7360K, reserved 1048576K
}
Event: 10.944 GC heap before
{Heap before GC invocations=23 (full 0):
 garbage-first heap   total 172032K, used 122427K [0x0000000084400000, 0x0000000100000000)
  region size 1024K, 74 young (75776K), 3 survivors (3072K)
 Metaspace       used 64675K, committed 65024K, reserved 1114112K
  class space    used 7671K, committed 7808K, reserved 1048576K
}
Event: 10.978 GC heap after
{Heap after GC invocations=24 (full 0):
 garbage-first heap   total 172032K, used 61905K [0x0000000084400000, 0x0000000100000000)
  region size 1024K, 10 young (10240K), 10 survivors (10240K)
 Metaspace       used 64675K, committed 65024K, reserved 1114112K
  class space    used 7671K, committed 7808K, reserved 1048576K
}
Event: 11.247 GC heap before
{Heap before GC invocations=24 (full 0):
 garbage-first heap   total 172032K, used 62929K [0x0000000084400000, 0x0000000100000000)
  region size 1024K, 11 young (11264K), 10 survivors (10240K)
 Metaspace       used 64907K, committed 65216K, reserved 1114112K
  class space    used 7672K, committed 7808K, reserved 1048576K
}
Event: 11.264 GC heap after
{Heap after GC invocations=25 (full 0):
 garbage-first heap   total 172032K, used 63086K [0x0000000084400000, 0x0000000100000000)
  region size 1024K, 2 young (2048K), 2 survivors (2048K)
 Metaspace       used 64907K, committed 65216K, reserved 1114112K
  class space    used 7672K, committed 7808K, reserved 1048576K
}
Event: 13.288 GC heap before
{Heap before GC invocations=25 (full 0):
 garbage-first heap   total 172032K, used 121454K [0x0000000084400000, 0x0000000100000000)
  region size 1024K, 57 young (58368K), 2 survivors (2048K)
 Metaspace       used 66931K, committed 67200K, reserved 1114112K
  class space    used 7713K, committed 7872K, reserved 1048576K
}
Event: 13.307 GC heap after
{Heap after GC invocations=26 (full 0):
 garbage-first heap   total 172032K, used 73605K [0x0000000084400000, 0x0000000100000000)
  region size 1024K, 8 young (8192K), 8 survivors (8192K)
 Metaspace       used 66931K, committed 67200K, reserved 1114112K
  class space    used 7713K, committed 7872K, reserved 1048576K
}
Event: 14.777 GC heap before
{Heap before GC invocations=26 (full 0):
 garbage-first heap   total 172032K, used 126853K [0x0000000084400000, 0x0000000100000000)
  region size 1024K, 60 young (61440K), 8 survivors (8192K)
 Metaspace       used 72472K, committed 72832K, reserved 1114112K
  class space    used 8223K, committed 8384K, reserved 1048576K
}
Event: 14.802 GC heap after
{Heap after GC invocations=27 (full 0):
 garbage-first heap   total 172032K, used 80527K [0x0000000084400000, 0x0000000100000000)
  region size 1024K, 7 young (7168K), 7 survivors (7168K)
 Metaspace       used 72472K, committed 72832K, reserved 1114112K
  class space    used 8223K, committed 8384K, reserved 1048576K
}
Event: 16.215 GC heap before
{Heap before GC invocations=27 (full 0):
 garbage-first heap   total 172032K, used 130703K [0x0000000084400000, 0x0000000100000000)
  region size 1024K, 56 young (57344K), 7 survivors (7168K)
 Metaspace       used 75453K, committed 75712K, reserved 1179648K
  class space    used 8472K, committed 8576K, reserved 1048576K
}
Event: 16.238 GC heap after
{Heap after GC invocations=28 (full 0):
 garbage-first heap   total 172032K, used 88736K [0x0000000084400000, 0x0000000100000000)
  region size 1024K, 7 young (7168K), 7 survivors (7168K)
 Metaspace       used 75453K, committed 75712K, reserved 1179648K
  class space    used 8472K, committed 8576K, reserved 1048576K
}
Event: 17.727 GC heap before
{Heap before GC invocations=28 (full 0):
 garbage-first heap   total 172032K, used 133792K [0x0000000084400000, 0x0000000100000000)
  region size 1024K, 52 young (53248K), 7 survivors (7168K)
 Metaspace       used 81635K, committed 81920K, reserved 1179648K
  class space    used 9093K, committed 9216K, reserved 1048576K
}
Event: 17.750 GC heap after
{Heap after GC invocations=29 (full 0):
 garbage-first heap   total 206848K, used 92512K [0x0000000084400000, 0x0000000100000000)
  region size 1024K, 3 young (3072K), 3 survivors (3072K)
 Metaspace       used 81635K, committed 81920K, reserved 1179648K
  class space    used 9093K, committed 9216K, reserved 1048576K
}
Event: 19.824 GC heap before
{Heap before GC invocations=30 (full 0):
 garbage-first heap   total 206848K, used 160096K [0x0000000084400000, 0x0000000100000000)
  region size 1024K, 69 young (70656K), 3 survivors (3072K)
 Metaspace       used 82725K, committed 83008K, reserved 1179648K
  class space    used 9139K, committed 9280K, reserved 1048576K
}
Event: 19.843 GC heap after
{Heap after GC invocations=31 (full 0):
 garbage-first heap   total 206848K, used 96608K [0x0000000084400000, 0x0000000100000000)
  region size 1024K, 7 young (7168K), 7 survivors (7168K)
 Metaspace       used 82725K, committed 83008K, reserved 1179648K
  class space    used 9139K, committed 9280K, reserved 1048576K
}
Event: 19.895 GC heap before
{Heap before GC invocations=31 (full 0):
 garbage-first heap   total 206848K, used 99680K [0x0000000084400000, 0x0000000100000000)
  region size 1024K, 10 young (10240K), 7 survivors (7168K)
 Metaspace       used 82751K, committed 83072K, reserved 1179648K
  class space    used 9140K, committed 9280K, reserved 1048576K
}
Event: 19.909 GC heap after
{Heap after GC invocations=32 (full 0):
 garbage-first heap   total 206848K, used 96605K [0x0000000084400000, 0x0000000100000000)
  region size 1024K, 1 young (1024K), 1 survivors (1024K)
 Metaspace       used 82751K, committed 83072K, reserved 1179648K
  class space    used 9140K, committed 9280K, reserved 1048576K
}

