# JRE version: OpenJDK Runtime Environment (17.0.9) (build 17.0.9+0--11185874)
# Java VM: OpenJDK 64-Bit Server VM (17.0.9+0--11185874, mixed mode, tiered, compressed oops, compressed class ptrs, g1 gc, windows-amd64)
GC Precious Log:
 CPUs: 8 total, 8 available
 Memory: 7914M
 Large Page Support: Disabled
 NUMA Support: Disabled
 Compressed Oops: Enabled (32-bit)
 Heap Region Size: 1M
 Heap Min Capacity: 8M
 Heap Initial Capacity: 124M
 Heap Max Capacity: 1980M
 Pre-touch: Disabled
 Parallel Workers: 8
 Concurrent Workers: 2
 Concurrent Refinement Workers: 8
 Periodic GC: Disabled
Heap:
 garbage-first heap   total 239616K, used 183417K [0x0000000084400000, 0x0000000100000000)
  region size 1024K, 83 young (84992K), 6 survivors (6144K)
 Metaspace       used 82911K, committed 83264K, reserved 1179648K
  class space    used 9141K, committed 9344K, reserved 1048576K
GC Heap History (20 events):
Event: 5.194 GC heap before
{Heap before GC invocations=20 (full 0):
 garbage-first heap   total 109568K, used 78028K [0x0000000084400000, 0x0000000100000000)
  region size 1024K, 42 young (43008K), 2 survivors (2048K)
 Metaspace       used 57786K, committed 57984K, reserved 1114112K
  class space    used 6883K, committed 6976K, reserved 1048576K
}
Event: 5.211 GC heap after
{Heap after GC invocations=21 (full 0):
 garbage-first heap   total 109568K, used 44562K [0x0000000084400000, 0x0000000100000000)
  region size 1024K, 6 young (6144K), 6 survivors (6144K)
 Metaspace       used 57786K, committed 57984K, reserved 1114112K
  class space    used 6883K, committed 6976K, reserved 1048576K
}
Event: 5.747 GC heap before
{Heap before GC invocations=21 (full 0):
 garbage-first heap   total 109568K, used 80402K [0x0000000084400000, 0x0000000100000000)
  region size 1024K, 41 young (41984K), 6 survivors (6144K)
 Metaspace       used 59897K, committed 60160K, reserved 1114112K
  class space    used 7090K, committed 7168K, reserved 1048576K
}
Event: 5.767 GC heap after
{Heap after GC invocations=22 (full 0):
 garbage-first heap   total 109568K, used 50978K [0x0000000084400000, 0x0000000100000000)
  region size 1024K, 6 young (6144K), 6 survivors (6144K)
 Metaspace       used 59897K, committed 60160K, reserved 1114112K
  class space    used 7090K, committed 7168K, reserved 1048576K
}
Event: 6.071 GC heap before
{Heap before GC invocations=22 (full 0):
 garbage-first heap   total 109568K, used 82722K [0x0000000084400000, 0x0000000100000000)
  region size 1024K, 37 young (37888K), 6 survivors (6144K)
 Metaspace       used 60575K, committed 60800K, reserved 1114112K
  class space    used 7153K, committed 7232K, reserved 1048576K
}
Event: 6.094 GC heap after
{Heap after GC invocations=23 (full 0):
 garbage-first heap   total 109568K, used 56832K [0x0000000084400000, 0x0000000100000000)
  region size 1024K, 5 young (5120K), 5 survivors (5120K)
 Metaspace       used 60575K, committed 60800K, reserved 1114112K
  class space    used 7153K, committed 7232K, reserved 1048576K
}
Event: 6.268 GC heap before
{Heap before GC invocations=23 (full 0):
 garbage-first heap   total 109568K, used 84480K [0x0000000084400000, 0x0000000100000000)
  region size 1024K, 32 young (32768K), 5 survivors (5120K)
 Metaspace       used 60751K, committed 61056K, reserved 1114112K
  class space    used 7173K, committed 7296K, reserved 1048576K
}
Event: 6.286 GC heap after
{Heap after GC invocations=24 (full 0):
 garbage-first heap   total 109568K, used 61952K [0x0000000084400000, 0x0000000100000000)
  region size 1024K, 4 young (4096K), 4 survivors (4096K)
 Metaspace       used 60751K, committed 61056K, reserved 1114112K
  class space    used 7173K, committed 7296K, reserved 1048576K
}
Event: 6.401 GC heap before
{Heap before GC invocations=25 (full 0):
 garbage-first heap   total 119808K, used 85504K [0x0000000084400000, 0x0000000100000000)
  region size 1024K, 27 young (27648K), 4 survivors (4096K)
 Metaspace       used 60898K, committed 61184K, reserved 1114112K
  class space    used 7186K, committed 7296K, reserved 1048576K
}
Event: 6.410 GC heap after
{Heap after GC invocations=26 (full 0):
 garbage-first heap   total 119808K, used 63488K [0x0000000084400000, 0x0000000100000000)
  region size 1024K, 1 young (1024K), 1 survivors (1024K)
 Metaspace       used 60898K, committed 61184K, reserved 1114112K
  class space    used 7186K, committed 7296K, reserved 1048576K
}
Event: 6.473 GC heap before
{Heap before GC invocations=26 (full 0):
 garbage-first heap   total 119808K, used 67584K [0x0000000084400000, 0x0000000100000000)
  region size 1024K, 5 young (5120K), 1 survivors (1024K)
 Metaspace       used 61179K, committed 61440K, reserved 1114112K
  class space    used 7238K, committed 7360K, reserved 1048576K
}
Event: 6.482 GC heap after
{Heap after GC invocations=27 (full 0):
 garbage-first heap   total 239616K, used 63226K [0x0000000084400000, 0x0000000100000000)
  region size 1024K, 1 young (1024K), 1 survivors (1024K)
 Metaspace       used 61179K, committed 61440K, reserved 1114112K
  class space    used 7238K, committed 7360K, reserved 1048576K
}
Event: 8.989 GC heap before
{Heap before GC invocations=27 (full 0):
 garbage-first heap   total 239616K, used 174842K [0x0000000084400000, 0x0000000100000000)
  region size 1024K, 108 young (110592K), 1 survivors (1024K)
 Metaspace       used 68527K, committed 68864K, reserved 1114112K
  class space    used 7812K, committed 8000K, reserved 1048576K
}
Event: 9.009 GC heap after
{Heap after GC invocations=28 (full 0):
 garbage-first heap   total 239616K, used 79048K [0x0000000084400000, 0x0000000100000000)
  region size 1024K, 14 young (14336K), 14 survivors (14336K)
 Metaspace       used 68527K, committed 68864K, reserved 1114112K
  class space    used 7812K, committed 8000K, reserved 1048576K
}
Event: 10.844 GC heap before
{Heap before GC invocations=28 (full 0):
 garbage-first heap   total 239616K, used 172232K [0x0000000084400000, 0x0000000100000000)
  region size 1024K, 104 young (106496K), 14 survivors (14336K)
 Metaspace       used 71163K, committed 71488K, reserved 1114112K
  class space    used 8112K, committed 8256K, reserved 1048576K
}
Event: 10.865 GC heap after
{Heap after GC invocations=29 (full 0):
 garbage-first heap   total 239616K, used 90221K [0x0000000084400000, 0x0000000100000000)
  region size 1024K, 11 young (11264K), 11 survivors (11264K)
 Metaspace       used 71163K, committed 71488K, reserved 1114112K
  class space    used 8112K, committed 8256K, reserved 1048576K
}
Event: 12.391 GC heap before
{Heap before GC invocations=29 (full 0):
 garbage-first heap   total 239616K, used 177261K [0x0000000084400000, 0x0000000100000000)
  region size 1024K, 96 young (98304K), 11 survivors (11264K)
 Metaspace       used 71757K, committed 72064K, reserved 1114112K
  class space    used 8134K, committed 8320K, reserved 1048576K
}
Event: 12.409 GC heap after
{Heap after GC invocations=30 (full 0):
 garbage-first heap   total 239616K, used 100352K [0x0000000084400000, 0x0000000100000000)
  region size 1024K, 10 young (10240K), 10 survivors (10240K)
 Metaspace       used 71757K, committed 72064K, reserved 1114112K
  class space    used 8134K, committed 8320K, reserved 1048576K
}
Event: 13.709 GC heap before
{Heap before GC invocations=30 (full 0):
 garbage-first heap   total 239616K, used 184320K [0x0000000084400000, 0x0000000100000000)
  region size 1024K, 92 young (94208K), 10 survivors (10240K)
 Metaspace       used 78077K, committed 78400K, reserved 1179648K
  class space    used 8685K, committed 8832K, reserved 1048576K
}
Event: 13.726 GC heap after
{Heap after GC invocations=31 (full 0):
 garbage-first heap   total 239616K, used 105593K [0x0000000084400000, 0x0000000100000000)
  region size 1024K, 6 young (6144K), 6 survivors (6144K)
 Metaspace       used 78077K, committed 78400K, reserved 1179648K
  class space    used 8685K, committed 8832K, reserved 1048576K
}

