# JRE version: OpenJDK Runtime Environment (17.0.9) (build 17.0.9+0--11185874)
# Java VM: OpenJDK 64-Bit Server VM (17.0.9+0--11185874, mixed mode, tiered, compressed oops, compressed class ptrs, g1 gc, windows-amd64)
GC Precious Log:
 CPUs: 8 total, 8 available
 Memory: 7914M
 Large Page Support: Disabled
 NUMA Support: Disabled
 Compressed Oops: Enabled (32-bit)
 Heap Region Size: 1M
 Heap Min Capacity: 8M
 Heap Initial Capacity: 124M
 Heap Max Capacity: 1980M
 Pre-touch: Disabled
 Parallel Workers: 8
 Concurrent Workers: 2
 Concurrent Refinement Workers: 8
 Periodic GC: Disabled
Heap:
 garbage-first heap   total 97280K, used 36172K [0x0000000084400000, 0x0000000100000000)
  region size 1024K, 7 young (7168K), 5 survivors (5120K)
 Metaspace       used 52440K, committed 52736K, reserved 1114112K
  class space    used 6267K, committed 6400K, reserved 1048576K
GC Heap History (20 events):
Event: 2.571 GC heap before
{Heap before GC invocations=6 (full 0):
 garbage-first heap   total 40960K, used 33361K [0x0000000084400000, 0x0000000100000000)
  region size 1024K, 20 young (20480K), 1 survivors (1024K)
 Metaspace       used 30238K, committed 30592K, reserved 1114112K
  class space    used 3740K, committed 3904K, reserved 1048576K
}
Event: 2.579 GC heap after
{Heap after GC invocations=7 (full 0):
 garbage-first heap   total 40960K, used 18153K [0x0000000084400000, 0x0000000100000000)
  region size 1024K, 3 young (3072K), 3 survivors (3072K)
 Metaspace       used 30238K, committed 30592K, reserved 1114112K
  class space    used 3740K, committed 3904K, reserved 1048576K
}
Event: 2.808 GC heap before
{Heap before GC invocations=7 (full 0):
 garbage-first heap   total 40960K, used 29417K [0x0000000084400000, 0x0000000100000000)
  region size 1024K, 15 young (15360K), 3 survivors (3072K)
 Metaspace       used 32745K, committed 32960K, reserved 1114112K
  class space    used 4233K, committed 4352K, reserved 1048576K
}
Event: 2.818 GC heap after
{Heap after GC invocations=8 (full 0):
 garbage-first heap   total 53248K, used 20376K [0x0000000084400000, 0x0000000100000000)
  region size 1024K, 2 young (2048K), 2 survivors (2048K)
 Metaspace       used 32745K, committed 32960K, reserved 1114112K
  class space    used 4233K, committed 4352K, reserved 1048576K
}
Event: 3.096 GC heap before
{Heap before GC invocations=8 (full 0):
 garbage-first heap   total 53248K, used 33688K [0x0000000084400000, 0x0000000100000000)
  region size 1024K, 16 young (16384K), 2 survivors (2048K)
 Metaspace       used 35804K, committed 35968K, reserved 1114112K
  class space    used 4564K, committed 4672K, reserved 1048576K
}
Event: 3.104 GC heap after
{Heap after GC invocations=9 (full 0):
 garbage-first heap   total 53248K, used 20007K [0x0000000084400000, 0x0000000100000000)
  region size 1024K, 2 young (2048K), 2 survivors (2048K)
 Metaspace       used 35804K, committed 35968K, reserved 1114112K
  class space    used 4564K, committed 4672K, reserved 1048576K
}
Event: 3.516 GC heap before
{Heap before GC invocations=10 (full 0):
 garbage-first heap   total 53248K, used 37415K [0x0000000084400000, 0x0000000100000000)
  region size 1024K, 20 young (20480K), 2 survivors (2048K)
 Metaspace       used 39330K, committed 39616K, reserved 1114112K
  class space    used 4928K, committed 5056K, reserved 1048576K
}
Event: 3.525 GC heap after
{Heap after GC invocations=11 (full 0):
 garbage-first heap   total 53248K, used 22319K [0x0000000084400000, 0x0000000100000000)
  region size 1024K, 3 young (3072K), 3 survivors (3072K)
 Metaspace       used 39330K, committed 39616K, reserved 1114112K
  class space    used 4928K, committed 5056K, reserved 1048576K
}
Event: 3.548 GC heap before
{Heap before GC invocations=11 (full 0):
 garbage-first heap   total 53248K, used 23343K [0x0000000084400000, 0x0000000100000000)
  region size 1024K, 4 young (4096K), 3 survivors (3072K)
 Metaspace       used 39680K, committed 39936K, reserved 1114112K
  class space    used 4947K, committed 5056K, reserved 1048576K
}
Event: 3.554 GC heap after
{Heap after GC invocations=12 (full 0):
 garbage-first heap   total 53248K, used 21882K [0x0000000084400000, 0x0000000100000000)
  region size 1024K, 1 young (1024K), 1 survivors (1024K)
 Metaspace       used 39680K, committed 39936K, reserved 1114112K
  class space    used 4947K, committed 5056K, reserved 1048576K
}
Event: 4.041 GC heap before
{Heap before GC invocations=12 (full 0):
 garbage-first heap   total 53248K, used 38266K [0x0000000084400000, 0x0000000100000000)
  region size 1024K, 18 young (18432K), 1 survivors (1024K)
 Metaspace       used 43649K, committed 43904K, reserved 1114112K
  class space    used 5362K, committed 5504K, reserved 1048576K
}
Event: 4.046 GC heap after
{Heap after GC invocations=13 (full 0):
 garbage-first heap   total 53248K, used 22826K [0x0000000084400000, 0x0000000100000000)
  region size 1024K, 2 young (2048K), 2 survivors (2048K)
 Metaspace       used 43649K, committed 43904K, reserved 1114112K
  class space    used 5362K, committed 5504K, reserved 1048576K
}
Event: 5.456 GC heap before
{Heap before GC invocations=13 (full 0):
 garbage-first heap   total 53248K, used 40234K [0x0000000084400000, 0x0000000100000000)
  region size 1024K, 19 young (19456K), 2 survivors (2048K)
 Metaspace       used 46814K, committed 47104K, reserved 1114112K
  class space    used 5704K, committed 5824K, reserved 1048576K
}
Event: 5.468 GC heap after
{Heap after GC invocations=14 (full 0):
 garbage-first heap   total 53248K, used 25600K [0x0000000084400000, 0x0000000100000000)
  region size 1024K, 3 young (3072K), 3 survivors (3072K)
 Metaspace       used 46814K, committed 47104K, reserved 1114112K
  class space    used 5704K, committed 5824K, reserved 1048576K
}
Event: 6.074 GC heap before
{Heap before GC invocations=14 (full 0):
 garbage-first heap   total 53248K, used 40960K [0x0000000084400000, 0x0000000100000000)
  region size 1024K, 17 young (17408K), 3 survivors (3072K)
 Metaspace       used 49263K, committed 49472K, reserved 1114112K
  class space    used 5972K, committed 6080K, reserved 1048576K
}
Event: 6.088 GC heap after
{Heap after GC invocations=15 (full 0):
 garbage-first heap   total 53248K, used 30528K [0x0000000084400000, 0x0000000100000000)
  region size 1024K, 3 young (3072K), 3 survivors (3072K)
 Metaspace       used 49263K, committed 49472K, reserved 1114112K
  class space    used 5972K, committed 6080K, reserved 1048576K
}
Event: 6.391 GC heap before
{Heap before GC invocations=15 (full 0):
 garbage-first heap   total 53248K, used 34624K [0x0000000084400000, 0x0000000100000000)
  region size 1024K, 9 young (9216K), 3 survivors (3072K)
 Metaspace       used 49632K, committed 49920K, reserved 1114112K
  class space    used 6005K, committed 6144K, reserved 1048576K
}
Event: 6.402 GC heap after
{Heap after GC invocations=16 (full 0):
 garbage-first heap   total 97280K, used 32235K [0x0000000084400000, 0x0000000100000000)
  region size 1024K, 2 young (2048K), 2 survivors (2048K)
 Metaspace       used 49632K, committed 49920K, reserved 1114112K
  class space    used 6005K, committed 6144K, reserved 1048576K
}
Event: 7.551 GC heap before
{Heap before GC invocations=16 (full 0):
 garbage-first heap   total 97280K, used 69099K [0x0000000084400000, 0x0000000100000000)
  region size 1024K, 37 young (37888K), 2 survivors (2048K)
 Metaspace       used 52331K, committed 52544K, reserved 1114112K
  class space    used 6265K, committed 6400K, reserved 1048576K
}
Event: 7.567 GC heap after
{Heap after GC invocations=17 (full 0):
 garbage-first heap   total 97280K, used 35148K [0x0000000084400000, 0x0000000100000000)
  region size 1024K, 5 young (5120K), 5 survivors (5120K)
 Metaspace       used 52331K, committed 52544K, reserved 1114112K
  class space    used 6265K, committed 6400K, reserved 1048576K
}

