# JRE version: OpenJDK Runtime Environment (17.0.9) (build 17.0.9+0--11185874)
# Java VM: OpenJDK 64-Bit Server VM (17.0.9+0--11185874, mixed mode, tiered, compressed oops, compressed class ptrs, g1 gc, windows-amd64)
GC Precious Log:
 CPUs: 8 total, 8 available
 Memory: 7914M
 Large Page Support: Disabled
 NUMA Support: Disabled
 Compressed Oops: Enabled (32-bit)
 Heap Region Size: 1M
 Heap Min Capacity: 8M
 Heap Initial Capacity: 124M
 Heap Max Capacity: 1980M
 Pre-touch: Disabled
 Parallel Workers: 8
 Concurrent Workers: 2
 Concurrent Refinement Workers: 8
 Periodic GC: Disabled
Heap:
 garbage-first heap   total 126976K, used 58816K [0x0000000084400000, 0x0000000100000000)
  region size 1024K, 3 young (3072K), 3 survivors (3072K)
 Metaspace       used 60493K, committed 60736K, reserved 1114112K
  class space    used 7152K, committed 7232K, reserved 1048576K
GC Heap History (20 events):
Event: 4.106 GC heap after
{Heap after GC invocations=13 (full 0):
 garbage-first heap   total 70656K, used 27737K [0x0000000084400000, 0x0000000100000000)
  region size 1024K, 3 young (3072K), 3 survivors (3072K)
 Metaspace       used 48031K, committed 48256K, reserved 1114112K
  class space    used 5847K, committed 5952K, reserved 1048576K
}
Event: 4.407 GC heap before
{Heap before GC invocations=13 (full 0):
 garbage-first heap   total 70656K, used 53337K [0x0000000084400000, 0x0000000100000000)
  region size 1024K, 26 young (26624K), 3 survivors (3072K)
 Metaspace       used 49545K, committed 49856K, reserved 1114112K
  class space    used 6006K, committed 6144K, reserved 1048576K
}
Event: 4.423 GC heap after
{Heap after GC invocations=14 (full 0):
 garbage-first heap   total 70656K, used 35840K [0x0000000084400000, 0x0000000100000000)
  region size 1024K, 4 young (4096K), 4 survivors (4096K)
 Metaspace       used 49545K, committed 49856K, reserved 1114112K
  class space    used 6006K, committed 6144K, reserved 1048576K
}
Event: 4.714 GC heap before
{Heap before GC invocations=14 (full 0):
 garbage-first heap   total 70656K, used 53248K [0x0000000084400000, 0x0000000100000000)
  region size 1024K, 21 young (21504K), 4 survivors (4096K)
 Metaspace       used 50293K, committed 50560K, reserved 1114112K
  class space    used 6052K, committed 6144K, reserved 1048576K
}
Event: 4.725 GC heap after
{Heap after GC invocations=15 (full 0):
 garbage-first heap   total 70656K, used 38208K [0x0000000084400000, 0x0000000100000000)
  region size 1024K, 3 young (3072K), 3 survivors (3072K)
 Metaspace       used 50293K, committed 50560K, reserved 1114112K
  class space    used 6052K, committed 6144K, reserved 1048576K
}
Event: 5.208 GC heap before
{Heap before GC invocations=15 (full 0):
 garbage-first heap   total 70656K, used 53568K [0x0000000084400000, 0x0000000100000000)
  region size 1024K, 19 young (19456K), 3 survivors (3072K)
 Metaspace       used 53773K, committed 54016K, reserved 1114112K
  class space    used 6421K, committed 6528K, reserved 1048576K
}
Event: 5.221 GC heap after
{Heap after GC invocations=16 (full 0):
 garbage-first heap   total 70656K, used 41186K [0x0000000084400000, 0x0000000100000000)
  region size 1024K, 3 young (3072K), 3 survivors (3072K)
 Metaspace       used 53773K, committed 54016K, reserved 1114112K
  class space    used 6421K, committed 6528K, reserved 1048576K
}
Event: 5.678 GC heap before
{Heap before GC invocations=17 (full 0):
 garbage-first heap   total 71680K, used 53474K [0x0000000084400000, 0x0000000100000000)
  region size 1024K, 16 young (16384K), 3 survivors (3072K)
 Metaspace       used 56568K, committed 56832K, reserved 1114112K
  class space    used 6809K, committed 6912K, reserved 1048576K
}
Event: 5.692 GC heap after
{Heap after GC invocations=18 (full 0):
 garbage-first heap   total 71680K, used 42728K [0x0000000084400000, 0x0000000100000000)
  region size 1024K, 2 young (2048K), 2 survivors (2048K)
 Metaspace       used 56568K, committed 56832K, reserved 1114112K
  class space    used 6809K, committed 6912K, reserved 1048576K
}
Event: 5.750 GC heap before
{Heap before GC invocations=18 (full 0):
 garbage-first heap   total 71680K, used 43752K [0x0000000084400000, 0x0000000100000000)
  region size 1024K, 3 young (3072K), 2 survivors (2048K)
 Metaspace       used 56620K, committed 56896K, reserved 1114112K
  class space    used 6810K, committed 6912K, reserved 1048576K
}
Event: 5.761 GC heap after
{Heap after GC invocations=19 (full 0):
 garbage-first heap   total 95232K, used 40903K [0x0000000084400000, 0x0000000100000000)
  region size 1024K, 1 young (1024K), 1 survivors (1024K)
 Metaspace       used 56620K, committed 56896K, reserved 1114112K
  class space    used 6810K, committed 6912K, reserved 1048576K
}
Event: 6.489 GC heap before
{Heap before GC invocations=19 (full 0):
 garbage-first heap   total 95232K, used 70599K [0x0000000084400000, 0x0000000100000000)
  region size 1024K, 30 young (30720K), 1 survivors (1024K)
 Metaspace       used 57651K, committed 57920K, reserved 1114112K
  class space    used 6867K, committed 6976K, reserved 1048576K
}
Event: 6.506 GC heap after
{Heap after GC invocations=20 (full 0):
 garbage-first heap   total 95232K, used 46920K [0x0000000084400000, 0x0000000100000000)
  region size 1024K, 4 young (4096K), 4 survivors (4096K)
 Metaspace       used 57651K, committed 57920K, reserved 1114112K
  class space    used 6867K, committed 6976K, reserved 1048576K
}
Event: 7.593 GC heap before
{Heap before GC invocations=20 (full 0):
 garbage-first heap   total 95232K, used 72520K [0x0000000084400000, 0x0000000100000000)
  region size 1024K, 29 young (29696K), 4 survivors (4096K)
 Metaspace       used 59184K, committed 59456K, reserved 1114112K
  class space    used 7000K, committed 7104K, reserved 1048576K
}
Event: 7.613 GC heap after
{Heap after GC invocations=21 (full 0):
 garbage-first heap   total 95232K, used 51858K [0x0000000084400000, 0x0000000100000000)
  region size 1024K, 4 young (4096K), 4 survivors (4096K)
 Metaspace       used 59184K, committed 59456K, reserved 1114112K
  class space    used 7000K, committed 7104K, reserved 1048576K
}
Event: 8.068 GC heap before
{Heap before GC invocations=22 (full 0):
 garbage-first heap   total 95232K, used 73362K [0x0000000084400000, 0x0000000100000000)
  region size 1024K, 25 young (25600K), 4 survivors (4096K)
 Metaspace       used 59975K, committed 60288K, reserved 1114112K
  class space    used 7096K, committed 7232K, reserved 1048576K
}
Event: 8.088 GC heap after
{Heap after GC invocations=23 (full 0):
 garbage-first heap   total 95232K, used 55868K [0x0000000084400000, 0x0000000100000000)
  region size 1024K, 4 young (4096K), 4 survivors (4096K)
 Metaspace       used 59975K, committed 60288K, reserved 1114112K
  class space    used 7096K, committed 7232K, reserved 1048576K
}
Event: 8.103 GC heap before
{Heap before GC invocations=23 (full 0):
 garbage-first heap   total 95232K, used 56892K [0x0000000084400000, 0x0000000100000000)
  region size 1024K, 5 young (5120K), 4 survivors (4096K)
 Metaspace       used 59981K, committed 60288K, reserved 1114112K
  class space    used 7096K, committed 7232K, reserved 1048576K
}
Event: 8.117 GC heap after
{Heap after GC invocations=24 (full 0):
 garbage-first heap   total 95232K, used 55824K [0x0000000084400000, 0x0000000100000000)
  region size 1024K, 1 young (1024K), 1 survivors (1024K)
 Metaspace       used 59981K, committed 60288K, reserved 1114112K
  class space    used 7096K, committed 7232K, reserved 1048576K
}
Event: 8.442 GC heap before
{Heap before GC invocations=24 (full 0):
 garbage-first heap   total 95232K, used 74256K [0x0000000084400000, 0x0000000100000000)
  region size 1024K, 19 young (19456K), 1 survivors (1024K)
 Metaspace       used 60493K, committed 60736K, reserved 1114112K
  class space    used 7152K, committed 7232K, reserved 1048576K
}

